<?xml version="1.0" encoding="UTF-8" standalone="yes"?><!DOCTYPE report PUBLIC "-//JACOCO//DTD Report 1.1//EN" "report.dtd"><report name="Code Coverage with Jacoco"><sessioninfo id="BLR1-LHP-N73359-a92cb5fe" start="1702352122976" dump="1702352123434"/><package name=""><class name="FizzBuzz" sourcefilename="FizzBuzz.java"><method name="&lt;init&gt;" desc="()V" line="4"><counter type="INSTRUCTION" missed="0" covered="3"/><counter type="LINE" missed="0" covered="1"/><counter type="COMPLEXITY" missed="0" covered="1"/><counter type="METHOD" missed="0" covered="1"/></method><method name="getFizzBuzzWord" desc="(I)Ljava/lang/String;" line="7"><counter type="INSTRUCTION" missed="6" covered="22"/><counter type="BRANCH" missed="3" covered="3"/><counter type="LINE" missed="1" covered="5"/><counter type="COMPLEXITY" missed="3" covered="1"/><counter type="METHOD" missed="0" covered="1"/></method><method name="returnOne" desc="()Ljava/lang/Integer;" line="21"><counter type="INSTRUCTION" missed="0" covered="3"/><counter type="LINE" missed="0" covered="1"/><counter type="COMPLEXITY" missed="0" covered="1"/><counter type="METHOD" missed="0" covered="1"/></method><counter type="INSTRUCTION" missed="6" covered="28"/><counter type="BRANCH" missed="3" covered="3"/><counter type="LINE" missed="1" covered="7"/><counter type="COMPLEXITY" missed="3" covered="3"/><counter type="METHOD" missed="0" covered="3"/><counter type="CLASS" missed="0" covered="1"/></class><sourcefile name="FizzBuzz.java"><line nr="4" mi="0" ci="3" mb="0" cb="0"/><line nr="7" mi="0" ci="4" mb="0" cb="0"/><line nr="9" mi="0" ci="4" mb="1" cb="1"/><line nr="10" mi="0" ci="4" mb="0" cb="0"/><line nr="13" mi="0" ci="4" mb="1" cb="1"/><line nr="14" mi="4" ci="0" mb="0" cb="0"/><line nr="17" mi="2" ci="6" mb="1" cb="1"/><line nr="21" mi="0" ci="3" mb="0" cb="0"/><counter type="INSTRUCTION" missed="6" covered="28"/><counter type="BRANCH" missed="3" covered="3"/><counter type="LINE" missed="1" covered="7"/><counter type="COMPLEXITY" missed="3" covered="3"/><counter type="METHOD" missed="0" covered="3"/><counter type="CLASS" missed="0" covered="1"/></sourcefile><counter type="INSTRUCTION" missed="6" covered="28"/><counter type="BRANCH" missed="3" covered="3"/><counter type="LINE" missed="1" covered="7"/><counter type="COMPLEXITY" missed="3" covered="3"/><counter type="METHOD" missed="0" covered="3"/><counter type="CLASS" missed="0" covered="1"/></package><counter type="INSTRUCTION" missed="6" covered="28"/><counter type="BRANCH" missed="3" covered="3"/><counter type="LINE" missed="1" covered="7"/><counter type="COMPLEXITY" missed="3" covered="3"/><counter type="METHOD" missed="0" covered="3"/><counter type="CLASS" missed="0" covered="1"/></report>