<?xml version="1.0" encoding="UTF-8"?>
<testsuite xmlns:xsi="http://www.w3.org/2001/XMLSchema-instance" xsi:noNamespaceSchemaLocation="https://maven.apache.org/surefire/maven-surefire-plugin/xsd/surefire-test-report-3.0.xsd" version="3.0" name="ReturnNumbersTest" time="0.0" tests="5" errors="0" skipped="0" failures="0">
  <properties>
[...]
</properties>
  <testcase name="testReturnOne" classname="ReturnNumbersTest" time="0.0"/>
  <testcase name="testReturn2" classname="ReturnNumbersTest" time="0.0"/>
  <testcase name="testReturn3" classname="ReturnNumbersTest" time="0.0"/>
  <testcase name="testReturn4" classname="ReturnNumbersTest" time="0.0"/>
  <testcase name="testReturn5" classname="ReturnNumbersTest" time="0.0"/>
</testsuite>